[debug] [2020-08-10T16:42:19.075Z] ----------------------------------------------------------------------
[debug] [2020-08-10T16:42:19.077Z] Command:       C:\Program Files\nodejs\node.exe C:\Users\admin\AppData\Roaming\npm\node_modules\firebase-tools\lib\bin\firebase.js emulators:start --only functions
[debug] [2020-08-10T16:42:19.077Z] CLI Version:   8.7.0
[debug] [2020-08-10T16:42:19.077Z] Platform:      win32
[debug] [2020-08-10T16:42:19.077Z] Node Version:  v12.18.1
[debug] [2020-08-10T16:42:19.078Z] Time:          Mon Aug 10 2020 22:12:19 GMT+0530 (India Standard Time)
[debug] [2020-08-10T16:42:19.079Z] ----------------------------------------------------------------------
[debug] [2020-08-10T16:42:19.079Z] 
[debug] [2020-08-10T16:42:19.092Z] > command requires scopes: ["email","openid","https://www.googleapis.com/auth/cloudplatformprojects.readonly","https://www.googleapis.com/auth/firebase","https://www.googleapis.com/auth/cloud-platform"]
[debug] [2020-08-10T16:42:19.093Z] > authorizing via signed-in user
[info] i  emulators: Starting emulators: functions {"metadata":{"emulator":{"name":"hub"},"message":"Starting emulators: functions"}}
[debug] [2020-08-10T16:42:21.130Z] [hub] writing locator at C:\Users\admin\AppData\Local\Temp\hub-sample-e35af.json
[debug] [2020-08-10T16:42:23.149Z] defaultcredentials: writing to file C:\Users\admin\AppData\Roaming\firebase\sachinswapna143_gmail_com_application_default_credentials.json
[debug] [2020-08-10T16:42:23.151Z] Setting GAC to C:\Users\admin\AppData\Roaming\firebase\sachinswapna143_gmail_com_application_default_credentials.json {"metadata":{"emulator":{"name":"functions"},"message":"Setting GAC to C:\\Users\\admin\\AppData\\Roaming\\firebase\\sachinswapna143_gmail_com_application_default_credentials.json"}}
[warn] !  functions: The following emulators are not running, calls to these services from the Functions emulator will affect production: firestore, database, hosting, pubsub {"metadata":{"emulator":{"name":"functions"},"message":"The following emulators are not running, calls to these services from the Functions emulator will affect production: \u001b[1mfirestore, database, hosting, pubsub\u001b[22m"}}
[warn] !  Your requested "node" version "10" doesn't match your global version "12" {"metadata":{"emulator":{"name":"functions"},"message":"Your requested \"node\" version \"10\" doesn't match your global version \"12\""}}
[warn] !  ui: Emulator UI unable to start on port 4000, starting on 4001 instead. {"metadata":{"emulator":{"name":"ui"},"message":"Emulator UI unable to start on port 4000, starting on 4001 instead."}}
[debug] [2020-08-10T16:42:25.216Z] Ignoring unsupported arg: auto_download {"metadata":{"emulator":{"name":"ui"},"message":"Ignoring unsupported arg: auto_download"}}
[debug] [2020-08-10T16:42:25.216Z] Ignoring unsupported arg: port {"metadata":{"emulator":{"name":"ui"},"message":"Ignoring unsupported arg: port"}}
[debug] [2020-08-10T16:42:25.216Z] Starting Emulator UI with command {"binary":"node","args":["C:\\Users\\admin\\.cache\\firebase\\emulators\\ui-v1.1.1\\server.bundle.js"],"optionalArgs":[],"joinArgs":false} {"metadata":{"emulator":{"name":"ui"},"message":"Starting Emulator UI with command {\"binary\":\"node\",\"args\":[\"C:\\\\Users\\\\admin\\\\.cache\\\\firebase\\\\emulators\\\\ui-v1.1.1\\\\server.bundle.js\"],\"optionalArgs\":[],\"joinArgs\":false}"}}
[info] i  ui: Emulator UI logging to ui-debug.log {"metadata":{"emulator":{"name":"ui"},"message":"Emulator UI logging to \u001b[1mui-debug.log\u001b[22m"}}
[debug] [2020-08-10T16:42:25.369Z] Web / API server started at http://localhost:4001
 {"metadata":{"emulator":{"name":"ui"},"message":"Web / API server started at http://localhost:4001\n"}}
[info] i  functions: Watching "D:\java\TaskManager\src\main\TaskManager\functions" for Cloud Functions... {"metadata":{"emulator":{"name":"functions"},"message":"Watching \"D:\\java\\TaskManager\\src\\main\\TaskManager\\functions\" for Cloud Functions..."}}
[debug] [2020-08-10T16:42:25.756Z] [worker-pool] addWorker(~diagnostic~) {"metadata":{"emulator":{"name":"functions"},"message":"[worker-pool] addWorker(~diagnostic~)"}}
[debug] [2020-08-10T16:42:25.756Z] [worker-pool] Adding worker with key ~diagnostic~, total=1 {"metadata":{"emulator":{"name":"functions"},"message":"[worker-pool] Adding worker with key ~diagnostic~, total=1"}}
[debug] [2020-08-10T16:42:25.756Z] [worker-pool] submitWork(triggerId=) {"metadata":{"emulator":{"name":"functions"},"message":"[worker-pool] submitWork(triggerId=)"}}
[debug] [2020-08-10T16:42:25.757Z] [worker-~diagnostic~-66c9a581-fc67-4f0d-bc25-bdfb56a06a27]: Assigning socketPath: \\?\pipe\D:\java\TaskManager\src\main\TaskManager\functions\32204 {"metadata":{"emulator":{"name":"functions"},"message":"[worker-~diagnostic~-66c9a581-fc67-4f0d-bc25-bdfb56a06a27]: Assigning socketPath: \\\\?\\pipe\\D:\\java\\TaskManager\\src\\main\\TaskManager\\functions\\32204"}}
[debug] [2020-08-10T16:42:25.757Z] [worker-~diagnostic~-66c9a581-fc67-4f0d-bc25-bdfb56a06a27]: BUSY {"metadata":{"emulator":{"name":"functions"},"message":"[worker-~diagnostic~-66c9a581-fc67-4f0d-bc25-bdfb56a06a27]: BUSY"}}
[debug] [2020-08-10T16:42:26.235Z] [runtime-status] [32204] Functions runtime initialized. {"cwd":"D:\\java\\TaskManager\\src\\main\\TaskManager\\functions","node_version":"12.18.1"} {"metadata":{"emulator":{"name":"functions"},"message":"[runtime-status] [32204] Functions runtime initialized. {\"cwd\":\"D:\\\\java\\\\TaskManager\\\\src\\\\main\\\\TaskManager\\\\functions\",\"node_version\":\"12.18.1\"}"}}
[debug] [2020-08-10T16:42:26.237Z] [runtime-status] [32204] Disabled runtime features: undefined {"metadata":{"emulator":{"name":"functions"},"message":"[runtime-status] [32204] Disabled runtime features: undefined"}}
[debug] [2020-08-10T16:42:26.243Z] [runtime-status] [32204] Resolved module firebase-admin {"declared":true,"installed":true,"version":"8.13.0","resolution":"D:\\java\\TaskManager\\src\\main\\TaskManager\\functions\\node_modules\\firebase-admin\\lib\\index.js"} {"metadata":{"emulator":{"name":"functions"},"message":"[runtime-status] [32204] Resolved module firebase-admin {\"declared\":true,\"installed\":true,\"version\":\"8.13.0\",\"resolution\":\"D:\\\\java\\\\TaskManager\\\\src\\\\main\\\\TaskManager\\\\functions\\\\node_modules\\\\firebase-admin\\\\lib\\\\index.js\"}"}}
[debug] [2020-08-10T16:42:26.244Z] [runtime-status] [32204] Resolved module firebase-functions {"declared":true,"installed":true,"version":"3.9.0","resolution":"D:\\java\\TaskManager\\src\\main\\TaskManager\\functions\\node_modules\\firebase-functions\\lib\\index.js"} {"metadata":{"emulator":{"name":"functions"},"message":"[runtime-status] [32204] Resolved module firebase-functions {\"declared\":true,\"installed\":true,\"version\":\"3.9.0\",\"resolution\":\"D:\\\\java\\\\TaskManager\\\\src\\\\main\\\\TaskManager\\\\functions\\\\node_modules\\\\firebase-functions\\\\lib\\\\index.js\"}"}}
[debug] [2020-08-10T16:42:26.245Z] [runtime-status] [32204] Resolved module firebase-functions {"declared":true,"installed":true,"version":"3.9.0","resolution":"D:\\java\\TaskManager\\src\\main\\TaskManager\\functions\\node_modules\\firebase-functions\\lib\\index.js"} {"metadata":{"emulator":{"name":"functions"},"message":"[runtime-status] [32204] Resolved module firebase-functions {\"declared\":true,\"installed\":true,\"version\":\"3.9.0\",\"resolution\":\"D:\\\\java\\\\TaskManager\\\\src\\\\main\\\\TaskManager\\\\functions\\\\node_modules\\\\firebase-functions\\\\lib\\\\index.js\"}"}}
[debug] [2020-08-10T16:42:26.247Z] [runtime-status] [32204] Outgoing network have been stubbed. [{"name":"http","status":"mocked"},{"name":"http","status":"mocked"},{"name":"https","status":"mocked"},{"name":"https","status":"mocked"},{"name":"net","status":"mocked"}] {"metadata":{"emulator":{"name":"functions"},"message":"[runtime-status] [32204] Outgoing network have been stubbed. [{\"name\":\"http\",\"status\":\"mocked\"},{\"name\":\"http\",\"status\":\"mocked\"},{\"name\":\"https\",\"status\":\"mocked\"},{\"name\":\"https\",\"status\":\"mocked\"},{\"name\":\"net\",\"status\":\"mocked\"}]"}}
[debug] [2020-08-10T16:42:26.247Z] [runtime-status] [32204] Resolved module firebase-functions {"declared":true,"installed":true,"version":"3.9.0","resolution":"D:\\java\\TaskManager\\src\\main\\TaskManager\\functions\\node_modules\\firebase-functions\\lib\\index.js"} {"metadata":{"emulator":{"name":"functions"},"message":"[runtime-status] [32204] Resolved module firebase-functions {\"declared\":true,\"installed\":true,\"version\":\"3.9.0\",\"resolution\":\"D:\\\\java\\\\TaskManager\\\\src\\\\main\\\\TaskManager\\\\functions\\\\node_modules\\\\firebase-functions\\\\lib\\\\index.js\"}"}}
[debug] [2020-08-10T16:42:26.292Z] [runtime-status] [32204] Checked functions.config() {"config":{}} {"metadata":{"emulator":{"name":"functions"},"message":"[runtime-status] [32204] Checked functions.config() {\"config\":{}}"}}
[debug] [2020-08-10T16:42:26.292Z] [runtime-status] [32204] firebase-functions has been stubbed. {"functionsResolution":{"declared":true,"installed":true,"version":"3.9.0","resolution":"D:\\java\\TaskManager\\src\\main\\TaskManager\\functions\\node_modules\\firebase-functions\\lib\\index.js"}} {"metadata":{"emulator":{"name":"functions"},"message":"[runtime-status] [32204] firebase-functions has been stubbed. {\"functionsResolution\":{\"declared\":true,\"installed\":true,\"version\":\"3.9.0\",\"resolution\":\"D:\\\\java\\\\TaskManager\\\\src\\\\main\\\\TaskManager\\\\functions\\\\node_modules\\\\firebase-functions\\\\lib\\\\index.js\"}}"}}
[debug] [2020-08-10T16:42:26.293Z] [runtime-status] [32204] Resolved module firebase-functions {"declared":true,"installed":true,"version":"3.9.0","resolution":"D:\\java\\TaskManager\\src\\main\\TaskManager\\functions\\node_modules\\firebase-functions\\lib\\index.js"} {"metadata":{"emulator":{"name":"functions"},"message":"[runtime-status] [32204] Resolved module firebase-functions {\"declared\":true,\"installed\":true,\"version\":\"3.9.0\",\"resolution\":\"D:\\\\java\\\\TaskManager\\\\src\\\\main\\\\TaskManager\\\\functions\\\\node_modules\\\\firebase-functions\\\\lib\\\\index.js\"}"}}
[debug] [2020-08-10T16:42:26.294Z] [runtime-status] [32204] Resolved module firebase-admin {"declared":true,"installed":true,"version":"8.13.0","resolution":"D:\\java\\TaskManager\\src\\main\\TaskManager\\functions\\node_modules\\firebase-admin\\lib\\index.js"} {"metadata":{"emulator":{"name":"functions"},"message":"[runtime-status] [32204] Resolved module firebase-admin {\"declared\":true,\"installed\":true,\"version\":\"8.13.0\",\"resolution\":\"D:\\\\java\\\\TaskManager\\\\src\\\\main\\\\TaskManager\\\\functions\\\\node_modules\\\\firebase-admin\\\\lib\\\\index.js\"}"}}
[debug] [2020-08-10T16:42:26.295Z] [runtime-status] [32204] Resolved module firebase-functions {"declared":true,"installed":true,"version":"3.9.0","resolution":"D:\\java\\TaskManager\\src\\main\\TaskManager\\functions\\node_modules\\firebase-functions\\lib\\index.js"} {"metadata":{"emulator":{"name":"functions"},"message":"[runtime-status] [32204] Resolved module firebase-functions {\"declared\":true,\"installed\":true,\"version\":\"3.9.0\",\"resolution\":\"D:\\\\java\\\\TaskManager\\\\src\\\\main\\\\TaskManager\\\\functions\\\\node_modules\\\\firebase-functions\\\\lib\\\\index.js\"}"}}
[debug] [2020-08-10T16:42:26.295Z] [runtime-status] [32204] firebase-admin has been stubbed. {"adminResolution":{"declared":true,"installed":true,"version":"8.13.0","resolution":"D:\\java\\TaskManager\\src\\main\\TaskManager\\functions\\node_modules\\firebase-admin\\lib\\index.js"}} {"metadata":{"emulator":{"name":"functions"},"message":"[runtime-status] [32204] firebase-admin has been stubbed. {\"adminResolution\":{\"declared\":true,\"installed\":true,\"version\":\"8.13.0\",\"resolution\":\"D:\\\\java\\\\TaskManager\\\\src\\\\main\\\\TaskManager\\\\functions\\\\node_modules\\\\firebase-admin\\\\lib\\\\index.js\"}}"}}
[info] +  functions[upload]: http function initialized (http://localhost:5001/sample-e35af/us-central1/upload). {"metadata":{"emulator":{"name":"functions"},"message":"\u001b[1mhttp\u001b[22m function initialized (http://localhost:5001/sample-e35af/us-central1/upload)."}}
[info] 
┌───────────────────────────────────────────────────────────────────────┐
│ ✔  All emulators ready! View status and logs at http://localhost:4001 │
└───────────────────────────────────────────────────────────────────────┘

┌───────────┬────────────────┬─────────────────────────────────┐
│ Emulator  │ Host:Port      │ View in Emulator UI             │
├───────────┼────────────────┼─────────────────────────────────┤
│ Functions │ localhost:5001 │ http://localhost:4001/functions │
└───────────┴────────────────┴─────────────────────────────────┘
  Other reserved ports: 4400, 4500

Issues? Report them at https://github.com/firebase/firebase-tools/issues and attach the *-debug.log files.
 
[debug] [2020-08-10T16:42:26.538Z] [worker-~diagnostic~-66c9a581-fc67-4f0d-bc25-bdfb56a06a27]: IDLE {"metadata":{"emulator":{"name":"functions"},"message":"[worker-~diagnostic~-66c9a581-fc67-4f0d-bc25-bdfb56a06a27]: IDLE"}}
[debug] [2020-08-10T16:42:34.628Z] [work-queue] {"queueLength":1,"workRunningCount":0}
[debug] [2020-08-10T16:42:34.629Z] [work-queue] {"queueLength":0,"workRunningCount":1}
[debug] [2020-08-10T16:42:34.631Z] Accepted request OPTIONS /sample-e35af/us-central1/upload --> upload
[debug] [2020-08-10T16:42:34.650Z] [worker-pool] addWorker(upload) {"metadata":{"emulator":{"name":"functions"},"message":"[worker-pool] addWorker(upload)"}}
[debug] [2020-08-10T16:42:34.650Z] [worker-pool] Adding worker with key upload, total=1 {"metadata":{"emulator":{"name":"functions"},"message":"[worker-pool] Adding worker with key upload, total=1"}}
[debug] [2020-08-10T16:42:34.651Z] [worker-pool] submitWork(triggerId=upload) {"metadata":{"emulator":{"name":"functions"},"message":"[worker-pool] submitWork(triggerId=upload)"}}
[debug] [2020-08-10T16:42:34.651Z] [worker-upload-c5561694-d2b5-46ad-b019-6c1bd3d4ddc4]: Assigning socketPath: \\?\pipe\D:\java\TaskManager\src\main\TaskManager\functions\19236 {"metadata":{"emulator":{"name":"functions"},"message":"[worker-upload-c5561694-d2b5-46ad-b019-6c1bd3d4ddc4]: Assigning socketPath: \\\\?\\pipe\\D:\\java\\TaskManager\\src\\main\\TaskManager\\functions\\19236"}}
[debug] [2020-08-10T16:42:34.651Z] [worker-upload-c5561694-d2b5-46ad-b019-6c1bd3d4ddc4]: BUSY {"metadata":{"emulator":{"name":"functions"},"message":"[worker-upload-c5561694-d2b5-46ad-b019-6c1bd3d4ddc4]: BUSY"}}
[debug] [2020-08-10T16:42:35.789Z] [runtime-status] [19236] Functions runtime initialized. {"cwd":"D:\\java\\TaskManager\\src\\main\\TaskManager\\functions","node_version":"12.18.1"} {"metadata":{"emulator":{"name":"functions"},"function":{"name":"upload"},"message":"[runtime-status] [19236] Functions runtime initialized. {\"cwd\":\"D:\\\\java\\\\TaskManager\\\\src\\\\main\\\\TaskManager\\\\functions\",\"node_version\":\"12.18.1\"}"}}
[debug] [2020-08-10T16:42:35.794Z] [runtime-status] [19236] Disabled runtime features: undefined {"metadata":{"emulator":{"name":"functions"},"function":{"name":"upload"},"message":"[runtime-status] [19236] Disabled runtime features: undefined"}}
[debug] [2020-08-10T16:42:35.807Z] [runtime-status] [19236] Resolved module firebase-admin {"declared":true,"installed":true,"version":"8.13.0","resolution":"D:\\java\\TaskManager\\src\\main\\TaskManager\\functions\\node_modules\\firebase-admin\\lib\\index.js"} {"metadata":{"emulator":{"name":"functions"},"function":{"name":"upload"},"message":"[runtime-status] [19236] Resolved module firebase-admin {\"declared\":true,\"installed\":true,\"version\":\"8.13.0\",\"resolution\":\"D:\\\\java\\\\TaskManager\\\\src\\\\main\\\\TaskManager\\\\functions\\\\node_modules\\\\firebase-admin\\\\lib\\\\index.js\"}"}}
[debug] [2020-08-10T16:42:35.811Z] [runtime-status] [19236] Resolved module firebase-functions {"declared":true,"installed":true,"version":"3.9.0","resolution":"D:\\java\\TaskManager\\src\\main\\TaskManager\\functions\\node_modules\\firebase-functions\\lib\\index.js"} {"metadata":{"emulator":{"name":"functions"},"function":{"name":"upload"},"message":"[runtime-status] [19236] Resolved module firebase-functions {\"declared\":true,\"installed\":true,\"version\":\"3.9.0\",\"resolution\":\"D:\\\\java\\\\TaskManager\\\\src\\\\main\\\\TaskManager\\\\functions\\\\node_modules\\\\firebase-functions\\\\lib\\\\index.js\"}"}}
[debug] [2020-08-10T16:42:35.813Z] [runtime-status] [19236] Resolved module firebase-functions {"declared":true,"installed":true,"version":"3.9.0","resolution":"D:\\java\\TaskManager\\src\\main\\TaskManager\\functions\\node_modules\\firebase-functions\\lib\\index.js"} {"metadata":{"emulator":{"name":"functions"},"function":{"name":"upload"},"message":"[runtime-status] [19236] Resolved module firebase-functions {\"declared\":true,\"installed\":true,\"version\":\"3.9.0\",\"resolution\":\"D:\\\\java\\\\TaskManager\\\\src\\\\main\\\\TaskManager\\\\functions\\\\node_modules\\\\firebase-functions\\\\lib\\\\index.js\"}"}}
[debug] [2020-08-10T16:42:35.818Z] [runtime-status] [19236] Outgoing network have been stubbed. [{"name":"http","status":"mocked"},{"name":"http","status":"mocked"},{"name":"https","status":"mocked"},{"name":"https","status":"mocked"},{"name":"net","status":"mocked"}] {"metadata":{"emulator":{"name":"functions"},"function":{"name":"upload"},"message":"[runtime-status] [19236] Outgoing network have been stubbed. [{\"name\":\"http\",\"status\":\"mocked\"},{\"name\":\"http\",\"status\":\"mocked\"},{\"name\":\"https\",\"status\":\"mocked\"},{\"name\":\"https\",\"status\":\"mocked\"},{\"name\":\"net\",\"status\":\"mocked\"}]"}}
[debug] [2020-08-10T16:42:35.819Z] [runtime-status] [19236] Resolved module firebase-functions {"declared":true,"installed":true,"version":"3.9.0","resolution":"D:\\java\\TaskManager\\src\\main\\TaskManager\\functions\\node_modules\\firebase-functions\\lib\\index.js"} {"metadata":{"emulator":{"name":"functions"},"function":{"name":"upload"},"message":"[runtime-status] [19236] Resolved module firebase-functions {\"declared\":true,\"installed\":true,\"version\":\"3.9.0\",\"resolution\":\"D:\\\\java\\\\TaskManager\\\\src\\\\main\\\\TaskManager\\\\functions\\\\node_modules\\\\firebase-functions\\\\lib\\\\index.js\"}"}}
[debug] [2020-08-10T16:42:35.918Z] [runtime-status] [19236] Checked functions.config() {"config":{}} {"metadata":{"emulator":{"name":"functions"},"function":{"name":"upload"},"message":"[runtime-status] [19236] Checked functions.config() {\"config\":{}}"}}
[debug] [2020-08-10T16:42:35.919Z] [runtime-status] [19236] firebase-functions has been stubbed. {"functionsResolution":{"declared":true,"installed":true,"version":"3.9.0","resolution":"D:\\java\\TaskManager\\src\\main\\TaskManager\\functions\\node_modules\\firebase-functions\\lib\\index.js"}} {"metadata":{"emulator":{"name":"functions"},"function":{"name":"upload"},"message":"[runtime-status] [19236] firebase-functions has been stubbed. {\"functionsResolution\":{\"declared\":true,\"installed\":true,\"version\":\"3.9.0\",\"resolution\":\"D:\\\\java\\\\TaskManager\\\\src\\\\main\\\\TaskManager\\\\functions\\\\node_modules\\\\firebase-functions\\\\lib\\\\index.js\"}}"}}
[debug] [2020-08-10T16:42:35.920Z] [runtime-status] [19236] Resolved module firebase-functions {"declared":true,"installed":true,"version":"3.9.0","resolution":"D:\\java\\TaskManager\\src\\main\\TaskManager\\functions\\node_modules\\firebase-functions\\lib\\index.js"} {"metadata":{"emulator":{"name":"functions"},"function":{"name":"upload"},"message":"[runtime-status] [19236] Resolved module firebase-functions {\"declared\":true,\"installed\":true,\"version\":\"3.9.0\",\"resolution\":\"D:\\\\java\\\\TaskManager\\\\src\\\\main\\\\TaskManager\\\\functions\\\\node_modules\\\\firebase-functions\\\\lib\\\\index.js\"}"}}
[debug] [2020-08-10T16:42:35.923Z] [runtime-status] [19236] Resolved module firebase-admin {"declared":true,"installed":true,"version":"8.13.0","resolution":"D:\\java\\TaskManager\\src\\main\\TaskManager\\functions\\node_modules\\firebase-admin\\lib\\index.js"} {"metadata":{"emulator":{"name":"functions"},"function":{"name":"upload"},"message":"[runtime-status] [19236] Resolved module firebase-admin {\"declared\":true,\"installed\":true,\"version\":\"8.13.0\",\"resolution\":\"D:\\\\java\\\\TaskManager\\\\src\\\\main\\\\TaskManager\\\\functions\\\\node_modules\\\\firebase-admin\\\\lib\\\\index.js\"}"}}
[debug] [2020-08-10T16:42:35.925Z] [runtime-status] [19236] Resolved module firebase-functions {"declared":true,"installed":true,"version":"3.9.0","resolution":"D:\\java\\TaskManager\\src\\main\\TaskManager\\functions\\node_modules\\firebase-functions\\lib\\index.js"} {"metadata":{"emulator":{"name":"functions"},"function":{"name":"upload"},"message":"[runtime-status] [19236] Resolved module firebase-functions {\"declared\":true,\"installed\":true,\"version\":\"3.9.0\",\"resolution\":\"D:\\\\java\\\\TaskManager\\\\src\\\\main\\\\TaskManager\\\\functions\\\\node_modules\\\\firebase-functions\\\\lib\\\\index.js\"}"}}
[debug] [2020-08-10T16:42:35.926Z] [runtime-status] [19236] firebase-admin has been stubbed. {"adminResolution":{"declared":true,"installed":true,"version":"8.13.0","resolution":"D:\\java\\TaskManager\\src\\main\\TaskManager\\functions\\node_modules\\firebase-admin\\lib\\index.js"}} {"metadata":{"emulator":{"name":"functions"},"function":{"name":"upload"},"message":"[runtime-status] [19236] firebase-admin has been stubbed. {\"adminResolution\":{\"declared\":true,\"installed\":true,\"version\":\"8.13.0\",\"resolution\":\"D:\\\\java\\\\TaskManager\\\\src\\\\main\\\\TaskManager\\\\functions\\\\node_modules\\\\firebase-admin\\\\lib\\\\index.js\"}}"}}
[debug] [2020-08-10T16:42:36.452Z] [runtime-status] [19236] Trigger "upload" has been found, beginning invocation! {"metadata":{"emulator":{"name":"functions"},"function":{"name":"upload"},"message":"[runtime-status] [19236] Trigger \"upload\" has been found, beginning invocation!"}}
[info] i  functions: Beginning execution of "upload" {"metadata":{"emulator":{"name":"functions"},"function":{"name":"upload"},"message":"Beginning execution of \"upload\""}}
[debug] [2020-08-10T16:42:36.455Z] [runtime-status] [19236] triggerDefinition {"httpsTrigger":{},"name":"upload","entryPoint":"upload"} {"metadata":{"emulator":{"name":"functions"},"function":{"name":"upload"},"message":"[runtime-status] [19236] triggerDefinition {\"httpsTrigger\":{},\"name\":\"upload\",\"entryPoint\":\"upload\"}"}}
[debug] [2020-08-10T16:42:36.456Z] [runtime-status] [19236] Running upload in mode HTTPS {"metadata":{"emulator":{"name":"functions"},"function":{"name":"upload"},"message":"[runtime-status] [19236] Running upload in mode HTTPS"}}
[debug] [2020-08-10T16:42:36.464Z] [runtime-status] [19236] Attempting to listen to socketPath: \\?\pipe\D:\java\TaskManager\src\main\TaskManager\functions\19236 {"metadata":{"emulator":{"name":"functions"},"function":{"name":"upload"},"message":"[runtime-status] [19236] Attempting to listen to socketPath: \\\\?\\pipe\\D:\\java\\TaskManager\\src\\main\\TaskManager\\functions\\19236"}}
[debug] [2020-08-10T16:42:36.471Z] [functions] Runtime ready! Sending request! {"metadata":{"emulator":{"name":"functions"},"message":"[functions] Runtime ready! Sending request!"}}
[debug] [2020-08-10T16:42:36.489Z] [runtime-status] [19236] Ephemeral server handling OPTIONS request {"metadata":{"emulator":{"name":"functions"},"function":{"name":"upload"},"message":"[runtime-status] [19236] Ephemeral server handling OPTIONS request"}}
[debug] [2020-08-10T16:42:36.504Z] [runtime-status] [19236] Ephemeral server survived. {"metadata":{"emulator":{"name":"functions"},"function":{"name":"upload"},"message":"[runtime-status] [19236] Ephemeral server survived."}}
[debug] [2020-08-10T16:42:36.507Z] [work-queue] {"queueLength":1,"workRunningCount":1}
[debug] [2020-08-10T16:42:36.508Z] [work-queue] {"queueLength":0,"workRunningCount":2}
[debug] [2020-08-10T16:42:36.508Z] Accepted request POST /sample-e35af/us-central1/upload --> upload
[debug] [2020-08-10T16:42:36.521Z] [worker-pool] addWorker(upload) {"metadata":{"emulator":{"name":"functions"},"message":"[worker-pool] addWorker(upload)"}}
[debug] [2020-08-10T16:42:36.521Z] [worker-pool] Adding worker with key upload, total=2 {"metadata":{"emulator":{"name":"functions"},"message":"[worker-pool] Adding worker with key upload, total=2"}}
[debug] [2020-08-10T16:42:36.522Z] [worker-pool] submitWork(triggerId=upload) {"metadata":{"emulator":{"name":"functions"},"message":"[worker-pool] submitWork(triggerId=upload)"}}
[debug] [2020-08-10T16:42:36.522Z] [worker-upload-d927ade7-38f5-4d32-90f4-f67376436657]: Assigning socketPath: \\?\pipe\D:\java\TaskManager\src\main\TaskManager\functions\10384 {"metadata":{"emulator":{"name":"functions"},"message":"[worker-upload-d927ade7-38f5-4d32-90f4-f67376436657]: Assigning socketPath: \\\\?\\pipe\\D:\\java\\TaskManager\\src\\main\\TaskManager\\functions\\10384"}}
[debug] [2020-08-10T16:42:36.522Z] [worker-upload-d927ade7-38f5-4d32-90f4-f67376436657]: BUSY {"metadata":{"emulator":{"name":"functions"},"message":"[worker-upload-d927ade7-38f5-4d32-90f4-f67376436657]: BUSY"}}
[info] i  functions: Finished "upload" in ~1s {"metadata":{"emulator":{"name":"functions"},"function":{"name":"upload"},"message":"Finished \"upload\" in ~1s"}}
[debug] [2020-08-10T16:42:36.525Z] [worker-upload-c5561694-d2b5-46ad-b019-6c1bd3d4ddc4]: IDLE {"metadata":{"emulator":{"name":"functions"},"message":"[worker-upload-c5561694-d2b5-46ad-b019-6c1bd3d4ddc4]: IDLE"}}
[debug] [2020-08-10T16:42:36.526Z] [work-queue] {"queueLength":0,"workRunningCount":1}
[debug] [2020-08-10T16:42:37.629Z] [runtime-status] [10384] Functions runtime initialized. {"cwd":"D:\\java\\TaskManager\\src\\main\\TaskManager\\functions","node_version":"12.18.1"} {"metadata":{"emulator":{"name":"functions"},"function":{"name":"upload"},"message":"[runtime-status] [10384] Functions runtime initialized. {\"cwd\":\"D:\\\\java\\\\TaskManager\\\\src\\\\main\\\\TaskManager\\\\functions\",\"node_version\":\"12.18.1\"}"}}
[debug] [2020-08-10T16:42:37.635Z] [runtime-status] [10384] Disabled runtime features: undefined {"metadata":{"emulator":{"name":"functions"},"function":{"name":"upload"},"message":"[runtime-status] [10384] Disabled runtime features: undefined"}}
[debug] [2020-08-10T16:42:37.649Z] [runtime-status] [10384] Resolved module firebase-admin {"declared":true,"installed":true,"version":"8.13.0","resolution":"D:\\java\\TaskManager\\src\\main\\TaskManager\\functions\\node_modules\\firebase-admin\\lib\\index.js"} {"metadata":{"emulator":{"name":"functions"},"function":{"name":"upload"},"message":"[runtime-status] [10384] Resolved module firebase-admin {\"declared\":true,\"installed\":true,\"version\":\"8.13.0\",\"resolution\":\"D:\\\\java\\\\TaskManager\\\\src\\\\main\\\\TaskManager\\\\functions\\\\node_modules\\\\firebase-admin\\\\lib\\\\index.js\"}"}}
[debug] [2020-08-10T16:42:37.654Z] [runtime-status] [10384] Resolved module firebase-functions {"declared":true,"installed":true,"version":"3.9.0","resolution":"D:\\java\\TaskManager\\src\\main\\TaskManager\\functions\\node_modules\\firebase-functions\\lib\\index.js"} {"metadata":{"emulator":{"name":"functions"},"function":{"name":"upload"},"message":"[runtime-status] [10384] Resolved module firebase-functions {\"declared\":true,\"installed\":true,\"version\":\"3.9.0\",\"resolution\":\"D:\\\\java\\\\TaskManager\\\\src\\\\main\\\\TaskManager\\\\functions\\\\node_modules\\\\firebase-functions\\\\lib\\\\index.js\"}"}}
[debug] [2020-08-10T16:42:37.656Z] [runtime-status] [10384] Resolved module firebase-functions {"declared":true,"installed":true,"version":"3.9.0","resolution":"D:\\java\\TaskManager\\src\\main\\TaskManager\\functions\\node_modules\\firebase-functions\\lib\\index.js"} {"metadata":{"emulator":{"name":"functions"},"function":{"name":"upload"},"message":"[runtime-status] [10384] Resolved module firebase-functions {\"declared\":true,\"installed\":true,\"version\":\"3.9.0\",\"resolution\":\"D:\\\\java\\\\TaskManager\\\\src\\\\main\\\\TaskManager\\\\functions\\\\node_modules\\\\firebase-functions\\\\lib\\\\index.js\"}"}}
[debug] [2020-08-10T16:42:37.662Z] [runtime-status] [10384] Outgoing network have been stubbed. [{"name":"http","status":"mocked"},{"name":"http","status":"mocked"},{"name":"https","status":"mocked"},{"name":"https","status":"mocked"},{"name":"net","status":"mocked"}] {"metadata":{"emulator":{"name":"functions"},"function":{"name":"upload"},"message":"[runtime-status] [10384] Outgoing network have been stubbed. [{\"name\":\"http\",\"status\":\"mocked\"},{\"name\":\"http\",\"status\":\"mocked\"},{\"name\":\"https\",\"status\":\"mocked\"},{\"name\":\"https\",\"status\":\"mocked\"},{\"name\":\"net\",\"status\":\"mocked\"}]"}}
[debug] [2020-08-10T16:42:37.664Z] [runtime-status] [10384] Resolved module firebase-functions {"declared":true,"installed":true,"version":"3.9.0","resolution":"D:\\java\\TaskManager\\src\\main\\TaskManager\\functions\\node_modules\\firebase-functions\\lib\\index.js"} {"metadata":{"emulator":{"name":"functions"},"function":{"name":"upload"},"message":"[runtime-status] [10384] Resolved module firebase-functions {\"declared\":true,\"installed\":true,\"version\":\"3.9.0\",\"resolution\":\"D:\\\\java\\\\TaskManager\\\\src\\\\main\\\\TaskManager\\\\functions\\\\node_modules\\\\firebase-functions\\\\lib\\\\index.js\"}"}}
[debug] [2020-08-10T16:42:37.797Z] [runtime-status] [10384] Checked functions.config() {"config":{}} {"metadata":{"emulator":{"name":"functions"},"function":{"name":"upload"},"message":"[runtime-status] [10384] Checked functions.config() {\"config\":{}}"}}
[debug] [2020-08-10T16:42:37.798Z] [runtime-status] [10384] firebase-functions has been stubbed. {"functionsResolution":{"declared":true,"installed":true,"version":"3.9.0","resolution":"D:\\java\\TaskManager\\src\\main\\TaskManager\\functions\\node_modules\\firebase-functions\\lib\\index.js"}} {"metadata":{"emulator":{"name":"functions"},"function":{"name":"upload"},"message":"[runtime-status] [10384] firebase-functions has been stubbed. {\"functionsResolution\":{\"declared\":true,\"installed\":true,\"version\":\"3.9.0\",\"resolution\":\"D:\\\\java\\\\TaskManager\\\\src\\\\main\\\\TaskManager\\\\functions\\\\node_modules\\\\firebase-functions\\\\lib\\\\index.js\"}}"}}
[debug] [2020-08-10T16:42:37.800Z] [runtime-status] [10384] Resolved module firebase-functions {"declared":true,"installed":true,"version":"3.9.0","resolution":"D:\\java\\TaskManager\\src\\main\\TaskManager\\functions\\node_modules\\firebase-functions\\lib\\index.js"} {"metadata":{"emulator":{"name":"functions"},"function":{"name":"upload"},"message":"[runtime-status] [10384] Resolved module firebase-functions {\"declared\":true,\"installed\":true,\"version\":\"3.9.0\",\"resolution\":\"D:\\\\java\\\\TaskManager\\\\src\\\\main\\\\TaskManager\\\\functions\\\\node_modules\\\\firebase-functions\\\\lib\\\\index.js\"}"}}
[debug] [2020-08-10T16:42:37.803Z] [runtime-status] [10384] Resolved module firebase-admin {"declared":true,"installed":true,"version":"8.13.0","resolution":"D:\\java\\TaskManager\\src\\main\\TaskManager\\functions\\node_modules\\firebase-admin\\lib\\index.js"} {"metadata":{"emulator":{"name":"functions"},"function":{"name":"upload"},"message":"[runtime-status] [10384] Resolved module firebase-admin {\"declared\":true,\"installed\":true,\"version\":\"8.13.0\",\"resolution\":\"D:\\\\java\\\\TaskManager\\\\src\\\\main\\\\TaskManager\\\\functions\\\\node_modules\\\\firebase-admin\\\\lib\\\\index.js\"}"}}
[debug] [2020-08-10T16:42:37.804Z] [runtime-status] [10384] Resolved module firebase-functions {"declared":true,"installed":true,"version":"3.9.0","resolution":"D:\\java\\TaskManager\\src\\main\\TaskManager\\functions\\node_modules\\firebase-functions\\lib\\index.js"} {"metadata":{"emulator":{"name":"functions"},"function":{"name":"upload"},"message":"[runtime-status] [10384] Resolved module firebase-functions {\"declared\":true,\"installed\":true,\"version\":\"3.9.0\",\"resolution\":\"D:\\\\java\\\\TaskManager\\\\src\\\\main\\\\TaskManager\\\\functions\\\\node_modules\\\\firebase-functions\\\\lib\\\\index.js\"}"}}
[debug] [2020-08-10T16:42:37.805Z] [runtime-status] [10384] firebase-admin has been stubbed. {"adminResolution":{"declared":true,"installed":true,"version":"8.13.0","resolution":"D:\\java\\TaskManager\\src\\main\\TaskManager\\functions\\node_modules\\firebase-admin\\lib\\index.js"}} {"metadata":{"emulator":{"name":"functions"},"function":{"name":"upload"},"message":"[runtime-status] [10384] firebase-admin has been stubbed. {\"adminResolution\":{\"declared\":true,\"installed\":true,\"version\":\"8.13.0\",\"resolution\":\"D:\\\\java\\\\TaskManager\\\\src\\\\main\\\\TaskManager\\\\functions\\\\node_modules\\\\firebase-admin\\\\lib\\\\index.js\"}}"}}
[debug] [2020-08-10T16:42:38.313Z] [runtime-status] [10384] Trigger "upload" has been found, beginning invocation! {"metadata":{"emulator":{"name":"functions"},"function":{"name":"upload"},"message":"[runtime-status] [10384] Trigger \"upload\" has been found, beginning invocation!"}}
[info] i  functions: Beginning execution of "upload" {"metadata":{"emulator":{"name":"functions"},"function":{"name":"upload"},"message":"Beginning execution of \"upload\""}}
[debug] [2020-08-10T16:42:38.314Z] [runtime-status] [10384] triggerDefinition {"httpsTrigger":{},"name":"upload","entryPoint":"upload"} {"metadata":{"emulator":{"name":"functions"},"function":{"name":"upload"},"message":"[runtime-status] [10384] triggerDefinition {\"httpsTrigger\":{},\"name\":\"upload\",\"entryPoint\":\"upload\"}"}}
[debug] [2020-08-10T16:42:38.315Z] [runtime-status] [10384] Running upload in mode HTTPS {"metadata":{"emulator":{"name":"functions"},"function":{"name":"upload"},"message":"[runtime-status] [10384] Running upload in mode HTTPS"}}
[debug] [2020-08-10T16:42:38.320Z] [runtime-status] [10384] Attempting to listen to socketPath: \\?\pipe\D:\java\TaskManager\src\main\TaskManager\functions\10384 {"metadata":{"emulator":{"name":"functions"},"function":{"name":"upload"},"message":"[runtime-status] [10384] Attempting to listen to socketPath: \\\\?\\pipe\\D:\\java\\TaskManager\\src\\main\\TaskManager\\functions\\10384"}}
[debug] [2020-08-10T16:42:38.324Z] [functions] Runtime ready! Sending request! {"metadata":{"emulator":{"name":"functions"},"message":"[functions] Runtime ready! Sending request!"}}
[debug] [2020-08-10T16:42:38.375Z] [runtime-status] [10384] Ephemeral server handling POST request {"metadata":{"emulator":{"name":"functions"},"function":{"name":"upload"},"message":"[runtime-status] [10384] Ephemeral server handling POST request"}}
[debug] [2020-08-10T16:42:38.385Z] [runtime-status] [10384] Ephemeral server survived. {"metadata":{"emulator":{"name":"functions"},"function":{"name":"upload"},"message":"[runtime-status] [10384] Ephemeral server survived."}}
[info] i  functions: Finished "upload" in ~1s {"metadata":{"emulator":{"name":"functions"},"function":{"name":"upload"},"message":"Finished \"upload\" in ~1s"}}
[debug] [2020-08-10T16:42:38.392Z] [worker-upload-d927ade7-38f5-4d32-90f4-f67376436657]: IDLE {"metadata":{"emulator":{"name":"functions"},"message":"[worker-upload-d927ade7-38f5-4d32-90f4-f67376436657]: IDLE"}}
[debug] [2020-08-10T16:42:38.392Z] [work-queue] {"queueLength":0,"workRunningCount":0}
[debug] [2020-08-10T16:43:37.682Z] [work-queue] {"queueLength":1,"workRunningCount":0}
[debug] [2020-08-10T16:43:37.683Z] [work-queue] {"queueLength":0,"workRunningCount":1}
[debug] [2020-08-10T16:43:37.683Z] Accepted request OPTIONS /sample-e35af/us-central1/upload --> upload
[debug] [2020-08-10T16:43:37.684Z] [worker-pool] submitWork(triggerId=upload) {"metadata":{"emulator":{"name":"functions"},"message":"[worker-pool] submitWork(triggerId=upload)"}}
[debug] [2020-08-10T16:43:37.685Z] [worker-upload-c5561694-d2b5-46ad-b019-6c1bd3d4ddc4]: Assigning socketPath: \\?\pipe\D:\java\TaskManager\src\main\TaskManager\functions\19236 {"metadata":{"emulator":{"name":"functions"},"message":"[worker-upload-c5561694-d2b5-46ad-b019-6c1bd3d4ddc4]: Assigning socketPath: \\\\?\\pipe\\D:\\java\\TaskManager\\src\\main\\TaskManager\\functions\\19236"}}
[debug] [2020-08-10T16:43:37.685Z] [worker-upload-c5561694-d2b5-46ad-b019-6c1bd3d4ddc4]: BUSY {"metadata":{"emulator":{"name":"functions"},"message":"[worker-upload-c5561694-d2b5-46ad-b019-6c1bd3d4ddc4]: BUSY"}}
[debug] [2020-08-10T16:43:37.688Z] [runtime-status] [19236] Trigger "upload" has been found, beginning invocation! {"metadata":{"emulator":{"name":"functions"},"function":{"name":"upload"},"message":"[runtime-status] [19236] Trigger \"upload\" has been found, beginning invocation!"}}
[info] i  functions: Beginning execution of "upload" {"metadata":{"emulator":{"name":"functions"},"function":{"name":"upload"},"message":"Beginning execution of \"upload\""}}
[debug] [2020-08-10T16:43:37.694Z] [runtime-status] [19236] triggerDefinition {"httpsTrigger":{},"name":"upload","entryPoint":"upload"} {"metadata":{"emulator":{"name":"functions"},"function":{"name":"upload"},"message":"[runtime-status] [19236] triggerDefinition {\"httpsTrigger\":{},\"name\":\"upload\",\"entryPoint\":\"upload\"}"}}
[debug] [2020-08-10T16:43:37.695Z] [runtime-status] [19236] Running upload in mode HTTPS {"metadata":{"emulator":{"name":"functions"},"function":{"name":"upload"},"message":"[runtime-status] [19236] Running upload in mode HTTPS"}}
[debug] [2020-08-10T16:43:37.696Z] [runtime-status] [19236] Attempting to listen to socketPath: \\?\pipe\D:\java\TaskManager\src\main\TaskManager\functions\19236 {"metadata":{"emulator":{"name":"functions"},"function":{"name":"upload"},"message":"[runtime-status] [19236] Attempting to listen to socketPath: \\\\?\\pipe\\D:\\java\\TaskManager\\src\\main\\TaskManager\\functions\\19236"}}
[debug] [2020-08-10T16:43:37.701Z] [functions] Runtime ready! Sending request! {"metadata":{"emulator":{"name":"functions"},"message":"[functions] Runtime ready! Sending request!"}}
[debug] [2020-08-10T16:43:37.715Z] [runtime-status] [19236] Ephemeral server handling OPTIONS request {"metadata":{"emulator":{"name":"functions"},"function":{"name":"upload"},"message":"[runtime-status] [19236] Ephemeral server handling OPTIONS request"}}
[debug] [2020-08-10T16:43:37.720Z] [runtime-status] [19236] Ephemeral server survived. {"metadata":{"emulator":{"name":"functions"},"function":{"name":"upload"},"message":"[runtime-status] [19236] Ephemeral server survived."}}
[info] i  functions: Finished "upload" in ~1s {"metadata":{"emulator":{"name":"functions"},"function":{"name":"upload"},"message":"Finished \"upload\" in ~1s"}}
[debug] [2020-08-10T16:43:37.747Z] [worker-upload-c5561694-d2b5-46ad-b019-6c1bd3d4ddc4]: IDLE {"metadata":{"emulator":{"name":"functions"},"message":"[worker-upload-c5561694-d2b5-46ad-b019-6c1bd3d4ddc4]: IDLE"}}
[debug] [2020-08-10T16:43:37.748Z] [work-queue] {"queueLength":0,"workRunningCount":0}
[debug] [2020-08-10T16:43:37.751Z] [work-queue] {"queueLength":1,"workRunningCount":0}
[debug] [2020-08-10T16:43:37.752Z] [work-queue] {"queueLength":0,"workRunningCount":1}
[debug] [2020-08-10T16:43:37.753Z] Accepted request POST /sample-e35af/us-central1/upload --> upload
[debug] [2020-08-10T16:43:37.753Z] [worker-pool] submitWork(triggerId=upload) {"metadata":{"emulator":{"name":"functions"},"message":"[worker-pool] submitWork(triggerId=upload)"}}
[debug] [2020-08-10T16:43:37.754Z] [worker-upload-c5561694-d2b5-46ad-b019-6c1bd3d4ddc4]: Assigning socketPath: \\?\pipe\D:\java\TaskManager\src\main\TaskManager\functions\19236 {"metadata":{"emulator":{"name":"functions"},"message":"[worker-upload-c5561694-d2b5-46ad-b019-6c1bd3d4ddc4]: Assigning socketPath: \\\\?\\pipe\\D:\\java\\TaskManager\\src\\main\\TaskManager\\functions\\19236"}}
[debug] [2020-08-10T16:43:37.754Z] [worker-upload-c5561694-d2b5-46ad-b019-6c1bd3d4ddc4]: BUSY {"metadata":{"emulator":{"name":"functions"},"message":"[worker-upload-c5561694-d2b5-46ad-b019-6c1bd3d4ddc4]: BUSY"}}
[debug] [2020-08-10T16:43:37.756Z] [runtime-status] [19236] Trigger "upload" has been found, beginning invocation! {"metadata":{"emulator":{"name":"functions"},"function":{"name":"upload"},"message":"[runtime-status] [19236] Trigger \"upload\" has been found, beginning invocation!"}}
[info] i  functions: Beginning execution of "upload" {"metadata":{"emulator":{"name":"functions"},"function":{"name":"upload"},"message":"Beginning execution of \"upload\""}}
[debug] [2020-08-10T16:43:37.784Z] [runtime-status] [19236] triggerDefinition {"httpsTrigger":{},"name":"upload","entryPoint":"upload"} {"metadata":{"emulator":{"name":"functions"},"function":{"name":"upload"},"message":"[runtime-status] [19236] triggerDefinition {\"httpsTrigger\":{},\"name\":\"upload\",\"entryPoint\":\"upload\"}"}}
[debug] [2020-08-10T16:43:37.784Z] [runtime-status] [19236] Running upload in mode HTTPS {"metadata":{"emulator":{"name":"functions"},"function":{"name":"upload"},"message":"[runtime-status] [19236] Running upload in mode HTTPS"}}
[debug] [2020-08-10T16:43:37.785Z] [runtime-status] [19236] Attempting to listen to socketPath: \\?\pipe\D:\java\TaskManager\src\main\TaskManager\functions\19236 {"metadata":{"emulator":{"name":"functions"},"function":{"name":"upload"},"message":"[runtime-status] [19236] Attempting to listen to socketPath: \\\\?\\pipe\\D:\\java\\TaskManager\\src\\main\\TaskManager\\functions\\19236"}}
[debug] [2020-08-10T16:43:37.786Z] [functions] Runtime ready! Sending request! {"metadata":{"emulator":{"name":"functions"},"message":"[functions] Runtime ready! Sending request!"}}
[debug] [2020-08-10T16:43:37.812Z] [runtime-status] [19236] Ephemeral server handling POST request {"metadata":{"emulator":{"name":"functions"},"function":{"name":"upload"},"message":"[runtime-status] [19236] Ephemeral server handling POST request"}}
[debug] [2020-08-10T16:43:37.813Z] [runtime-status] [19236] Ephemeral server survived. {"metadata":{"emulator":{"name":"functions"},"function":{"name":"upload"},"message":"[runtime-status] [19236] Ephemeral server survived."}}
[info] i  functions: Finished "upload" in ~1s {"metadata":{"emulator":{"name":"functions"},"function":{"name":"upload"},"message":"Finished \"upload\" in ~1s"}}
[debug] [2020-08-10T16:43:37.820Z] [worker-upload-c5561694-d2b5-46ad-b019-6c1bd3d4ddc4]: IDLE {"metadata":{"emulator":{"name":"functions"},"message":"[worker-upload-c5561694-d2b5-46ad-b019-6c1bd3d4ddc4]: IDLE"}}
[debug] [2020-08-10T16:43:37.821Z] [work-queue] {"queueLength":0,"workRunningCount":0}
